2018-07-27 23:34:56.190 DEBUG ins: fid
2018-07-27 23:35:11.790 DEBUG ins: st_no
2018-07-27 23:57:21.371 DEBUG ins: fid
2018-07-27 23:57:40.895 DEBUG ins: st_no
2018-07-27 23:57:45.415 DEBUG ins: st_name
2018-07-27 23:57:53.842 DEBUG ins: remark
2018-07-27 23:58:04.029 DEBUG ins: in_date
2018-07-27 23:58:04.979 DEBUG ins: m_user
2018-07-27 23:58:04.980 DEBUG ins: sttype
2018-07-27 23:58:04.980 DEBUG ins: unitcode
2018-07-27 23:58:04.981 DEBUG ins: xtcu_no
2018-07-27 23:58:13.875 DEBUG ins: fid
2018-07-27 23:58:22.180 DEBUG ins: st_no
2018-07-27 23:58:22.181 DEBUG ins: st_name
2018-07-27 23:58:22.182 DEBUG ins: remark
2018-07-27 23:58:22.182 DEBUG ins: in_date
2018-07-27 23:58:22.182 DEBUG ins: m_user
2018-07-27 23:58:22.183 DEBUG ins: sttype
2018-07-27 23:58:22.183 DEBUG ins: unitcode
2018-07-27 23:58:22.183 DEBUG ins: xtcu_no
2018-07-27 23:58:29.430 DEBUG ins: fid
2018-07-27 23:58:29.430 DEBUG ins: st_no
2018-07-27 23:58:29.430 DEBUG ins: st_name
2018-07-27 23:58:29.431 DEBUG ins: remark
2018-07-27 23:58:29.431 DEBUG ins: in_date
2018-07-27 23:58:29.431 DEBUG ins: m_user
2018-07-27 23:58:29.432 DEBUG ins: sttype
2018-07-27 23:58:29.432 DEBUG ins: unitcode
2018-07-27 23:58:29.432 DEBUG ins: xtcu_no
2018-07-27 23:58:38.828 DEBUG ins: fid
2018-07-27 23:58:38.828 DEBUG ins: st_no
2018-07-27 23:58:38.829 DEBUG ins: st_name
2018-07-27 23:58:38.829 DEBUG ins: remark
2018-07-27 23:58:38.829 DEBUG ins: in_date
2018-07-27 23:58:38.829 DEBUG ins: m_user
2018-07-27 23:58:38.830 DEBUG ins: sttype
2018-07-27 23:58:38.830 DEBUG ins: unitcode
2018-07-27 23:58:38.830 DEBUG ins: xtcu_no
