2018-08-01 08:04:12.055 DEBUG CM: 
2018-08-01 08:04:12.114 ERROR token: secret:6066de954f26a0cf26b29587bf7614f2
2018-08-01 08:04:12.115 ERROR token: appid:wxa5b70ffe8842f891
2018-08-01 08:04:12.359 ERROR token: {"errcode":40164,"errmsg":"invalid ip 223.73.197.246, not in whitelist hint: [FAInoA0857sha2]"}
2018-08-01 08:04:12.391 ERROR token: 给定关键字不在字典中。
2018-08-01 08:04:12.400 ERROR token: secret:6066de954f26a0cf26b29587bf7614f2
2018-08-01 08:04:12.400 ERROR token: appid:wxa5b70ffe8842f891
2018-08-01 08:04:12.514 ERROR token: {"errcode":40164,"errmsg":"invalid ip 223.73.197.246, not in whitelist hint: [JNW08573612]"}
2018-08-01 08:04:12.528 ERROR token: 给定关键字不在字典中。
2018-08-01 08:04:12.577 DEBUG hbcm: 
2018-08-01 08:04:12.577 DEBUG hbcm: 无ID
2018-08-01 08:06:35.578 DEBUG CM: 
2018-08-01 08:06:35.614 ERROR token: secret:6066de954f26a0cf26b29587bf7614f2
2018-08-01 08:06:35.614 ERROR token: appid:wxa5b70ffe8842f891
2018-08-01 08:06:35.826 ERROR token: {"errcode":40164,"errmsg":"invalid ip 223.73.197.246, not in whitelist hint: [RXpEdA00012974]"}
2018-08-01 08:06:35.860 ERROR token: 给定关键字不在字典中。
2018-08-01 08:06:35.869 ERROR token: secret:6066de954f26a0cf26b29587bf7614f2
2018-08-01 08:06:35.870 ERROR token: appid:wxa5b70ffe8842f891
2018-08-01 08:06:35.978 ERROR token: {"errcode":40164,"errmsg":"invalid ip 223.73.197.246, not in whitelist hint: [zhGdJa0001sha2]"}
2018-08-01 08:06:35.993 ERROR token: 给定关键字不在字典中。
2018-08-01 08:06:36.037 DEBUG hbcm: 
2018-08-01 08:06:36.037 DEBUG hbcm: 无ID
2018-08-01 08:07:50.712 DEBUG CM: 
2018-08-01 08:07:50.762 ERROR token: secret:6066de954f26a0cf26b29587bf7614f2
2018-08-01 08:07:50.762 ERROR token: appid:wxa5b70ffe8842f891
2018-08-01 08:11:06.219 DEBUG CM: 
2018-08-01 08:11:06.255 ERROR token: secret:6066de954f26a0cf26b29587bf7614f2
2018-08-01 08:11:06.255 ERROR token: appid:wxa5b70ffe8842f891
2018-08-01 08:11:06.632 ERROR token: {"errcode":40164,"errmsg":"invalid ip 223.73.197.246, not in whitelist hint: [Q3OJuA02713055]"}
2018-08-01 08:11:06.671 ERROR token: 给定关键字不在字典中。
2018-08-01 08:11:06.680 ERROR token: secret:6066de954f26a0cf26b29587bf7614f2
2018-08-01 08:11:06.681 ERROR token: appid:wxa5b70ffe8842f891
2018-08-01 08:11:06.775 ERROR token: {"errcode":40164,"errmsg":"invalid ip 223.73.197.246, not in whitelist hint: [ddRo602721466]"}
2018-08-01 08:11:06.791 ERROR token: 给定关键字不在字典中。
2018-08-01 08:11:06.836 DEBUG hbcm: 
2018-08-01 08:11:06.836 DEBUG hbcm: 无ID
2018-08-01 08:38:15.574 DEBUG CM: 
2018-08-01 08:38:15.626 ERROR token: secret:6066de954f26a0cf26b29587bf7614f2
2018-08-01 08:38:15.627 ERROR token: appid:wxa5b70ffe8842f891
2018-08-01 08:38:15.875 ERROR token: {"errcode":40164,"errmsg":"invalid ip 223.73.197.246, not in whitelist hint: [CQlYGa0901sha2]"}
2018-08-01 08:38:15.913 ERROR token: 给定关键字不在字典中。
2018-08-01 08:38:15.921 ERROR token: secret:6066de954f26a0cf26b29587bf7614f2
2018-08-01 08:38:15.922 ERROR token: appid:wxa5b70ffe8842f891
2018-08-01 08:38:16.012 ERROR token: {"errcode":40164,"errmsg":"invalid ip 223.73.197.246, not in whitelist hint: [7zC09013055]"}
2018-08-01 08:38:16.029 ERROR token: 给定关键字不在字典中。
2018-08-01 08:38:16.069 DEBUG hbcm: 
2018-08-01 08:38:16.069 DEBUG hbcm: 无ID
2018-08-01 08:41:02.476 DEBUG CM: 
2018-08-01 08:41:02.525 ERROR token: secret:6066de954f26a0cf26b29587bf7614f2
2018-08-01 08:41:02.525 ERROR token: appid:wxa5b70ffe8842f891
2018-08-01 08:41:02.752 ERROR token: {"errcode":40164,"errmsg":"invalid ip 223.73.197.246, not in whitelist hint: [HkBz_a00682974]"}
2018-08-01 08:41:02.785 ERROR token: 给定关键字不在字典中。
2018-08-01 08:41:02.794 ERROR token: secret:6066de954f26a0cf26b29587bf7614f2
2018-08-01 08:41:02.795 ERROR token: appid:wxa5b70ffe8842f891
2018-08-01 08:41:02.883 ERROR token: {"errcode":40164,"errmsg":"invalid ip 223.73.197.246, not in whitelist hint: [H_YVsa00681512]"}
2018-08-01 08:41:02.901 ERROR token: 给定关键字不在字典中。
2018-08-01 08:41:02.941 DEBUG hbcm: 
2018-08-01 08:41:02.942 DEBUG hbcm: 无ID
2018-08-01 08:41:18.747 DEBUG CM: 
2018-08-01 08:41:18.756 ERROR token: secret:6066de954f26a0cf26b29587bf7614f2
2018-08-01 08:41:18.756 ERROR token: appid:wxa5b70ffe8842f891
2018-08-01 08:41:18.852 ERROR token: {"errcode":40164,"errmsg":"invalid ip 223.73.197.246, not in whitelist hint: [iRILtA00843612]"}
2018-08-01 08:41:18.872 ERROR token: 给定关键字不在字典中。
2018-08-01 08:41:18.880 ERROR token: secret:6066de954f26a0cf26b29587bf7614f2
2018-08-01 08:41:18.880 ERROR token: appid:wxa5b70ffe8842f891
2018-08-01 08:41:18.972 ERROR token: {"errcode":40164,"errmsg":"invalid ip 223.73.197.246, not in whitelist hint: [ij.frA00841512]"}
2018-08-01 08:41:18.987 ERROR token: 给定关键字不在字典中。
2018-08-01 08:41:19.031 DEBUG hbcm: 
2018-08-01 08:41:19.032 DEBUG hbcm: 无ID
2018-08-01 08:51:07.791 DEBUG CM: 
2018-08-01 08:51:07.838 ERROR token: secret:6066de954f26a0cf26b29587bf7614f2
2018-08-01 08:51:07.838 ERROR token: appid:wxa5b70ffe8842f891
2018-08-01 08:51:08.071 ERROR token: {"errcode":40164,"errmsg":"invalid ip 223.73.197.246, not in whitelist hint: [06731501]"}
2018-08-01 08:51:08.101 ERROR token: 给定关键字不在字典中。
2018-08-01 08:51:08.110 ERROR token: secret:6066de954f26a0cf26b29587bf7614f2
2018-08-01 08:51:08.111 ERROR token: appid:wxa5b70ffe8842f891
2018-08-01 08:51:08.190 ERROR token: {"errcode":40164,"errmsg":"invalid ip 223.73.197.246, not in whitelist hint: [rkJfMa06732790]"}
2018-08-01 08:51:08.206 ERROR token: 给定关键字不在字典中。
2018-08-01 08:51:08.249 DEBUG hbcm: 
2018-08-01 08:51:08.250 DEBUG hbcm: 无ID
2018-08-01 09:13:03.745 DEBUG CM: 
2018-08-01 09:13:03.784 ERROR token: secret:6066de954f26a0cf26b29587bf7614f2
2018-08-01 09:13:03.785 ERROR token: appid:wxa5b70ffe8842f891
2018-08-01 09:13:04.019 ERROR token: {"errcode":40164,"errmsg":"invalid ip 223.73.197.246, not in whitelist hint: [we09891533]"}
2018-08-01 09:13:04.051 ERROR token: 给定关键字不在字典中。
2018-08-01 09:13:04.059 ERROR token: secret:6066de954f26a0cf26b29587bf7614f2
2018-08-01 09:13:04.060 ERROR token: appid:wxa5b70ffe8842f891
2018-08-01 09:13:04.147 ERROR token: {"errcode":40164,"errmsg":"invalid ip 223.73.197.246, not in whitelist hint: [iJ05pa09893054]"}
2018-08-01 09:13:04.163 ERROR token: 给定关键字不在字典中。
2018-08-01 09:13:04.206 DEBUG hbcm: 
2018-08-01 09:13:04.206 DEBUG hbcm: 无ID
2018-08-01 09:51:34.031 DEBUG CM: 
2018-08-01 09:51:34.070 ERROR token: secret:6066de954f26a0cf26b29587bf7614f2
2018-08-01 09:51:34.071 ERROR token: appid:wxa5b70ffe8842f891
2018-08-01 09:51:34.289 ERROR token: {"errcode":40164,"errmsg":"invalid ip 223.73.197.246, not in whitelist hint: [fLx1oA02991533]"}
2018-08-01 09:51:34.321 ERROR token: 给定关键字不在字典中。
2018-08-01 09:51:34.330 ERROR token: secret:6066de954f26a0cf26b29587bf7614f2
2018-08-01 09:51:34.330 ERROR token: appid:wxa5b70ffe8842f891
2018-08-01 09:51:34.420 ERROR token: {"errcode":40164,"errmsg":"invalid ip 223.73.197.246, not in whitelist hint: [y8Xq402993612]"}
2018-08-01 09:51:34.440 ERROR token: 给定关键字不在字典中。
2018-08-01 09:51:34.488 DEBUG hbcm: 
2018-08-01 09:51:34.488 DEBUG hbcm: 无ID
2018-08-01 18:42:36.374 DEBUG CM: 
2018-08-01 18:42:36.411 ERROR token: secret:6066de954f26a0cf26b29587bf7614f2
2018-08-01 18:42:36.412 ERROR token: appid:wxa5b70ffe8842f891
2018-08-01 18:42:36.614 ERROR token: {"errcode":40164,"errmsg":"invalid ip 119.131.152.66, not in whitelist hint: [9C0GaA01573064]"}
2018-08-01 18:42:36.655 ERROR token: 给定关键字不在字典中。
2018-08-01 18:42:36.658 ERROR token: secret:6066de954f26a0cf26b29587bf7614f2
2018-08-01 18:42:36.658 ERROR token: appid:wxa5b70ffe8842f891
2018-08-01 18:42:36.767 ERROR token: {"errcode":40164,"errmsg":"invalid ip 119.131.152.66, not in whitelist hint: [ZSODHa01573055]"}
2018-08-01 18:42:36.769 ERROR token: 给定关键字不在字典中。
2018-08-01 18:42:36.812 DEBUG hbcm: 
2018-08-01 18:42:36.814 DEBUG hbcm: 无ID
2018-08-01 18:51:27.999 DEBUG CM: 
2018-08-01 18:51:28.015 ERROR token: secret:6066de954f26a0cf26b29587bf7614f2
2018-08-01 18:51:28.015 ERROR token: appid:wxa5b70ffe8842f891
2018-08-01 18:51:28.177 ERROR token: {"errcode":40164,"errmsg":"invalid ip 119.131.152.66, not in whitelist hint: [n2w8ca06892790]"}
2018-08-01 18:51:28.196 ERROR token: 给定关键字不在字典中。
2018-08-01 18:51:28.198 ERROR token: secret:6066de954f26a0cf26b29587bf7614f2
2018-08-01 18:51:28.199 ERROR token: appid:wxa5b70ffe8842f891
2018-08-01 18:51:28.290 ERROR token: {"errcode":40164,"errmsg":"invalid ip 119.131.152.66, not in whitelist hint: [eHT06891501]"}
2018-08-01 18:51:28.291 ERROR token: 给定关键字不在字典中。
2018-08-01 18:51:28.310 DEBUG hbcm: 
2018-08-01 18:51:28.310 DEBUG hbcm: 无ID
2018-08-01 18:52:42.282 DEBUG CM: 
2018-08-01 18:52:42.359 ERROR token: secret:6066de954f26a0cf26b29587bf7614f2
2018-08-01 18:52:42.360 ERROR token: appid:wxa5b70ffe8842f891
2018-08-01 18:52:42.577 ERROR token: {"errcode":40164,"errmsg":"invalid ip 119.131.152.66, not in whitelist hint: [4OpseA07632974]"}
2018-08-01 18:52:42.631 ERROR token: 给定关键字不在字典中。
2018-08-01 18:52:42.641 ERROR token: secret:6066de954f26a0cf26b29587bf7614f2
2018-08-01 18:52:42.641 ERROR token: appid:wxa5b70ffe8842f891
2018-08-01 18:52:42.748 ERROR token: {"errcode":40164,"errmsg":"invalid ip 119.131.152.66, not in whitelist hint: [hRvcNA07632790]"}
2018-08-01 18:52:42.778 ERROR token: 给定关键字不在字典中。
2018-08-01 18:52:42.816 DEBUG hbcm: 
2018-08-01 18:52:42.816 DEBUG hbcm: 无ID
2018-08-01 18:58:14.109 DEBUG CM: 
2018-08-01 18:58:14.169 ERROR token: secret:6066de954f26a0cf26b29587bf7614f2
2018-08-01 18:58:14.170 ERROR token: appid:wxa5b70ffe8842f891
2018-08-01 18:58:14.356 ERROR token: {"errcode":40164,"errmsg":"invalid ip 119.131.152.66, not in whitelist hint: [JpTS700953055]"}
2018-08-01 18:58:14.395 ERROR token: 给定关键字不在字典中。
2018-08-01 18:58:14.399 ERROR token: secret:6066de954f26a0cf26b29587bf7614f2
2018-08-01 18:58:14.400 ERROR token: appid:wxa5b70ffe8842f891
2018-08-01 18:58:14.510 ERROR token: {"errcode":40164,"errmsg":"invalid ip 119.131.152.66, not in whitelist hint: [cm9cpA00951501]"}
2018-08-01 18:58:14.511 ERROR token: 给定关键字不在字典中。
2018-08-01 18:58:14.549 DEBUG hbcm: 
2018-08-01 18:58:14.550 DEBUG hbcm: 无ID
2018-08-01 18:59:03.242 DEBUG CM: 
2018-08-01 18:59:03.246 ERROR token: secret:6066de954f26a0cf26b29587bf7614f2
2018-08-01 18:59:03.247 ERROR token: appid:wxa5b70ffe8842f891
2018-08-01 18:59:03.388 ERROR token: {"errcode":40164,"errmsg":"invalid ip 119.131.152.66, not in whitelist hint: [4KtOoa01443055]"}
2018-08-01 18:59:03.388 ERROR token: 给定关键字不在字典中。
2018-08-01 18:59:03.391 ERROR token: secret:6066de954f26a0cf26b29587bf7614f2
2018-08-01 18:59:03.392 ERROR token: appid:wxa5b70ffe8842f891
2018-08-01 18:59:03.503 ERROR token: {"errcode":40164,"errmsg":"invalid ip 119.131.152.66, not in whitelist hint: [9VcAKa0144sha2]"}
2018-08-01 18:59:03.503 ERROR token: 给定关键字不在字典中。
2018-08-01 18:59:03.518 DEBUG hbcm: 
2018-08-01 18:59:03.518 DEBUG hbcm: 无ID
2018-08-01 19:00:53.566 DEBUG CM: 
2018-08-01 19:00:53.570 ERROR token: secret:6066de954f26a0cf26b29587bf7614f2
2018-08-01 19:00:53.571 ERROR token: appid:wxa5b70ffe8842f891
2018-08-01 19:00:53.785 ERROR token: {"errcode":40164,"errmsg":"invalid ip 119.131.152.66, not in whitelist hint: [jRnbJA02542974]"}
2018-08-01 19:00:53.786 ERROR token: 给定关键字不在字典中。
2018-08-01 19:00:53.790 ERROR token: secret:6066de954f26a0cf26b29587bf7614f2
2018-08-01 19:00:53.791 ERROR token: appid:wxa5b70ffe8842f891
2018-08-01 19:00:53.892 ERROR token: {"errcode":40164,"errmsg":"invalid ip 119.131.152.66, not in whitelist hint: [uAkAOa02542790]"}
2018-08-01 19:00:53.893 ERROR token: 给定关键字不在字典中。
2018-08-01 19:00:53.925 DEBUG hbcm: 
2018-08-01 19:00:53.926 DEBUG hbcm: 无ID
2018-08-01 19:24:32.123 DEBUG CM: 
2018-08-01 19:24:32.147 ERROR token: secret:6066de954f26a0cf26b29587bf7614f2
2018-08-01 19:24:32.147 ERROR token: appid:wxa5b70ffe8842f891
2018-08-01 19:24:32.322 ERROR token: {"errcode":40164,"errmsg":"invalid ip 119.131.152.66, not in whitelist hint: [N7Shea06733612]"}
2018-08-01 19:24:32.337 ERROR token: 给定关键字不在字典中。
2018-08-01 19:24:32.340 ERROR token: secret:6066de954f26a0cf26b29587bf7614f2
2018-08-01 19:24:32.341 ERROR token: appid:wxa5b70ffe8842f891
2018-08-01 19:24:32.429 ERROR token: {"errcode":40164,"errmsg":"invalid ip 119.131.152.66, not in whitelist hint: [dumbja06731512]"}
2018-08-01 19:24:32.430 ERROR token: 给定关键字不在字典中。
2018-08-01 19:24:32.449 DEBUG hbcm: 
2018-08-01 19:24:32.449 DEBUG hbcm: 无ID
2018-08-01 19:29:03.585 DEBUG CM: 
2018-08-01 19:29:03.599 ERROR token: secret:6066de954f26a0cf26b29587bf7614f2
2018-08-01 19:29:03.599 ERROR token: appid:wxa5b70ffe8842f891
2018-08-01 19:29:03.802 ERROR token: {"errcode":40164,"errmsg":"invalid ip 119.131.152.66, not in whitelist hint: [tC339a09443055]"}
2018-08-01 19:29:03.841 ERROR token: 给定关键字不在字典中。
2018-08-01 19:29:03.845 ERROR token: secret:6066de954f26a0cf26b29587bf7614f2
2018-08-01 19:29:03.846 ERROR token: appid:wxa5b70ffe8842f891
2018-08-01 19:29:04.005 ERROR token: {"errcode":40164,"errmsg":"invalid ip 119.131.152.66, not in whitelist hint: [AyH09453054]"}
2018-08-01 19:29:04.006 ERROR token: 给定关键字不在字典中。
2018-08-01 19:29:04.041 DEBUG hbcm: 
2018-08-01 19:29:04.042 DEBUG hbcm: 无ID
