2018-08-05 07:46:45.774 DEBUG CM: 
2018-08-05 07:46:45.826 ERROR token: secret:6066de954f26a0cf26b29587bf7614f2
2018-08-05 07:46:45.828 ERROR token: appid:wxa5b70ffe8842f891
2018-08-05 07:46:46.214 ERROR token: {"errcode":40164,"errmsg":"invalid ip 223.73.197.67, not in whitelist hint: [d2kwVA04081466]"}
2018-08-05 07:46:46.246 ERROR token: 给定关键字不在字典中。
2018-08-05 07:46:46.259 ERROR token: secret:6066de954f26a0cf26b29587bf7614f2
2018-08-05 07:46:46.259 ERROR token: appid:wxa5b70ffe8842f891
2018-08-05 07:46:46.344 ERROR token: {"errcode":40164,"errmsg":"invalid ip 223.73.197.67, not in whitelist hint: [x1PkGA04083612]"}
2018-08-05 07:46:46.360 ERROR token: 给定关键字不在字典中。
2018-08-05 07:46:46.395 DEBUG hbcm: 
2018-08-05 07:46:46.395 DEBUG hbcm: 无ID
2018-08-05 07:47:01.588 DEBUG CM: 
2018-08-05 07:47:01.598 ERROR token: secret:6066de954f26a0cf26b29587bf7614f2
2018-08-05 07:47:01.599 ERROR token: appid:wxa5b70ffe8842f891
2018-08-05 07:47:01.681 ERROR token: {"errcode":40164,"errmsg":"invalid ip 223.73.197.67, not in whitelist hint: [v8hCoa04241501]"}
2018-08-05 07:47:01.698 ERROR token: 给定关键字不在字典中。
2018-08-05 07:47:01.706 ERROR token: secret:6066de954f26a0cf26b29587bf7614f2
2018-08-05 07:47:01.706 ERROR token: appid:wxa5b70ffe8842f891
2018-08-05 07:47:01.791 ERROR token: {"errcode":40164,"errmsg":"invalid ip 223.73.197.67, not in whitelist hint: [L.Zepa04242790]"}
2018-08-05 07:47:01.808 ERROR token: 给定关键字不在字典中。
2018-08-05 07:47:01.849 DEBUG hbcm: 
2018-08-05 07:47:01.850 DEBUG hbcm: 无ID
