2018-07-31 10:46:56.553 DEBUG CM: 
2018-07-31 10:46:56.659 DEBUG hbcm: 
2018-07-31 10:46:56.661 DEBUG hbcm: 无ID
2018-07-31 10:48:50.183 DEBUG CM: 
2018-07-31 10:48:50.317 DEBUG hbcm: 
2018-07-31 10:48:50.317 DEBUG hbcm: 无ID
2018-07-31 10:55:16.678 DEBUG CM: 
2018-07-31 10:55:16.822 DEBUG hbcm: 
2018-07-31 10:55:16.823 DEBUG hbcm: 无ID
2018-07-31 11:01:38.629 DEBUG CM: 
2018-07-31 11:01:38.716 DEBUG hbcm: 
2018-07-31 11:01:38.717 DEBUG hbcm: 无ID
2018-07-31 11:08:55.193 DEBUG CM: 
2018-07-31 11:08:55.290 DEBUG hbcm: 
2018-07-31 11:08:55.291 DEBUG hbcm: 无ID
2018-07-31 11:13:30.781 DEBUG CM: 
2018-07-31 11:13:30.861 DEBUG hbcm: 
2018-07-31 11:13:30.862 DEBUG hbcm: 无ID
2018-07-31 11:34:38.026 DEBUG CM: 
2018-07-31 11:34:38.094 DEBUG hbcm: 
2018-07-31 11:34:38.095 DEBUG hbcm: 无ID
2018-07-31 13:52:55.321 DEBUG CM: 
2018-07-31 13:52:55.392 DEBUG hbcm: 
2018-07-31 13:52:55.393 DEBUG hbcm: 无ID
2018-07-31 13:53:48.470 DEBUG CM: 
2018-07-31 13:53:48.471 DEBUG hbcm: 
2018-07-31 13:53:48.472 DEBUG hbcm: 无ID
2018-07-31 13:55:13.868 DEBUG CM: 
2018-07-31 13:55:13.870 DEBUG hbcm: 
2018-07-31 13:55:13.871 DEBUG hbcm: 无ID
2018-07-31 13:56:34.285 DEBUG CM: 
2018-07-31 13:56:34.287 DEBUG hbcm: 
2018-07-31 13:56:34.287 DEBUG hbcm: 无ID
2018-07-31 14:04:02.200 DEBUG CM: 
2018-07-31 14:04:02.201 DEBUG hbcm: 
2018-07-31 14:04:02.201 DEBUG hbcm: 无ID
2018-07-31 14:25:56.423 DEBUG CM: 
2018-07-31 14:25:56.424 DEBUG hbcm: 
2018-07-31 14:25:56.424 DEBUG hbcm: 无ID
2018-07-31 14:34:41.754 DEBUG CM: 
2018-07-31 14:34:41.798 ERROR token: secret:6066de954f26a0cf26b29587bf7614f2
2018-07-31 14:34:41.799 ERROR token: appid:wxa5b70ffe8842f891
2018-07-31 14:34:42.004 ERROR token: {"errcode":40164,"errmsg":"invalid ip 119.131.142.30, not in whitelist hint: [drLlja08851501]"}
2018-07-31 14:34:42.036 ERROR token: 给定关键字不在字典中。
2018-07-31 14:34:42.044 ERROR token: secret:6066de954f26a0cf26b29587bf7614f2
2018-07-31 14:34:42.045 ERROR token: appid:wxa5b70ffe8842f891
2018-07-31 14:34:42.136 ERROR token: {"errcode":40164,"errmsg":"invalid ip 119.131.142.30, not in whitelist hint: [8Fulda08852974]"}
2018-07-31 14:34:42.154 ERROR token: 给定关键字不在字典中。
2018-07-31 14:34:42.192 DEBUG hbcm: 
2018-07-31 14:34:42.193 DEBUG hbcm: 无ID
2018-07-31 14:41:19.151 DEBUG CM: 
2018-07-31 14:41:19.263 ERROR token: secret:6066de954f26a0cf26b29587bf7614f2
2018-07-31 14:41:19.264 ERROR token: appid:wxa5b70ffe8842f891
2018-07-31 14:41:19.540 ERROR token: {"errcode":40164,"errmsg":"invalid ip 119.131.142.30, not in whitelist hint: [Yk7wKA02833054]"}
2018-07-31 14:41:19.577 ERROR token: 给定关键字不在字典中。
2018-07-31 14:41:19.586 ERROR token: secret:6066de954f26a0cf26b29587bf7614f2
2018-07-31 14:41:19.586 ERROR token: appid:wxa5b70ffe8842f891
2018-07-31 14:41:19.711 ERROR token: {"errcode":40164,"errmsg":"invalid ip 119.131.142.30, not in whitelist hint: [d405ma02841533]"}
2018-07-31 14:41:19.730 ERROR token: 给定关键字不在字典中。
2018-07-31 14:41:19.792 DEBUG hbcm: 
2018-07-31 14:41:19.793 DEBUG hbcm: 无ID
2018-07-31 14:50:49.100 DEBUG CM: 
2018-07-31 14:50:49.131 ERROR token: secret:6066de954f26a0cf26b29587bf7614f2
2018-07-31 14:50:49.131 ERROR token: appid:wxa5b70ffe8842f891
2018-07-31 14:50:49.365 ERROR token: {"errcode":40164,"errmsg":"invalid ip 119.131.142.30, not in whitelist hint: [CrsRra08533054]"}
2018-07-31 14:50:49.396 ERROR token: 给定关键字不在字典中。
2018-07-31 14:50:49.412 ERROR token: secret:6066de954f26a0cf26b29587bf7614f2
2018-07-31 14:50:49.412 ERROR token: appid:wxa5b70ffe8842f891
2018-07-31 14:50:49.522 ERROR token: {"errcode":40164,"errmsg":"invalid ip 119.131.142.30, not in whitelist hint: [PSoa808532994]"}
2018-07-31 14:50:49.537 ERROR token: 给定关键字不在字典中。
2018-07-31 14:50:49.584 DEBUG hbcm: 
2018-07-31 14:50:49.584 DEBUG hbcm: 无ID
2018-07-31 15:44:12.272 DEBUG CM: 
2018-07-31 15:44:12.316 ERROR token: secret:6066de954f26a0cf26b29587bf7614f2
2018-07-31 15:44:12.317 ERROR token: appid:wxa5b70ffe8842f891
2018-07-31 15:44:12.674 ERROR token: {"errcode":40164,"errmsg":"invalid ip 119.131.142.30, not in whitelist hint: [SWY1sa00573064]"}
2018-07-31 15:44:12.707 ERROR token: 给定关键字不在字典中。
2018-07-31 15:44:12.719 ERROR token: secret:6066de954f26a0cf26b29587bf7614f2
2018-07-31 15:44:12.719 ERROR token: appid:wxa5b70ffe8842f891
2018-07-31 15:44:12.821 ERROR token: {"errcode":40164,"errmsg":"invalid ip 119.131.142.30, not in whitelist hint: [ajo200573055]"}
2018-07-31 15:44:12.838 ERROR token: 给定关键字不在字典中。
2018-07-31 15:44:12.875 DEBUG hbcm: 
2018-07-31 15:44:12.875 DEBUG hbcm: 无ID
2018-07-31 15:57:46.539 DEBUG CM: 
2018-07-31 15:57:46.575 ERROR token: secret:6066de954f26a0cf26b29587bf7614f2
2018-07-31 15:57:46.576 ERROR token: appid:wxa5b70ffe8842f891
2018-07-31 15:57:46.787 ERROR token: {"errcode":40164,"errmsg":"invalid ip 119.131.142.30, not in whitelist hint: [rYceDa08711501]"}
2018-07-31 15:57:46.818 ERROR token: 给定关键字不在字典中。
2018-07-31 15:57:46.827 ERROR token: secret:6066de954f26a0cf26b29587bf7614f2
2018-07-31 15:57:46.827 ERROR token: appid:wxa5b70ffe8842f891
2018-07-31 15:57:46.910 ERROR token: {"errcode":40164,"errmsg":"invalid ip 119.131.142.30, not in whitelist hint: [NgbF0a0871sha2]"}
2018-07-31 15:57:46.926 ERROR token: 给定关键字不在字典中。
2018-07-31 15:57:46.962 DEBUG hbcm: 
2018-07-31 15:57:46.962 DEBUG hbcm: 无ID
2018-07-31 16:00:03.266 DEBUG CM: 
2018-07-31 16:00:03.317 ERROR token: secret:6066de954f26a0cf26b29587bf7614f2
2018-07-31 16:00:03.317 ERROR token: appid:wxa5b70ffe8842f891
2018-07-31 16:00:04.198 ERROR token: {"errcode":40164,"errmsg":"invalid ip 119.131.142.30, not in whitelist hint: [zaIdAA00081501]"}
2018-07-31 16:00:04.229 ERROR token: 给定关键字不在字典中。
2018-07-31 16:00:04.238 ERROR token: secret:6066de954f26a0cf26b29587bf7614f2
2018-07-31 16:00:04.238 ERROR token: appid:wxa5b70ffe8842f891
2018-07-31 16:00:04.886 ERROR token: {"errcode":40164,"errmsg":"invalid ip 119.131.142.30, not in whitelist hint: [q1P0Da00093054]"}
2018-07-31 16:00:04.904 ERROR token: 给定关键字不在字典中。
2018-07-31 16:00:04.945 DEBUG hbcm: 
2018-07-31 16:00:04.946 DEBUG hbcm: 无ID
2018-07-31 16:30:20.660 DEBUG CM: 
2018-07-31 16:30:20.700 ERROR token: secret:6066de954f26a0cf26b29587bf7614f2
2018-07-31 16:30:20.700 ERROR token: appid:wxa5b70ffe8842f891
2018-07-31 16:30:20.976 ERROR token: {"errcode":40164,"errmsg":"invalid ip 119.131.142.30, not in whitelist hint: [sgesAA08251501]"}
2018-07-31 16:30:21.005 ERROR token: 给定关键字不在字典中。
2018-07-31 16:30:21.015 ERROR token: secret:6066de954f26a0cf26b29587bf7614f2
2018-07-31 16:30:21.016 ERROR token: appid:wxa5b70ffe8842f891
2018-07-31 16:30:21.340 ERROR token: {"errcode":40164,"errmsg":"invalid ip 119.131.142.30, not in whitelist hint: [08253054]"}
2018-07-31 16:30:21.356 ERROR token: 给定关键字不在字典中。
2018-07-31 16:30:21.389 DEBUG hbcm: 
2018-07-31 16:30:21.390 DEBUG hbcm: 无ID
