2018-08-12 07:14:26.282 DEBUG CM: 
2018-08-12 07:14:26.327 ERROR token: secret:6066de954f26a0cf26b29587bf7614f2
2018-08-12 07:14:26.327 ERROR token: appid:wxa5b70ffe8842f891
2018-08-12 07:14:26.558 ERROR token: {"errcode":40164,"errmsg":"invalid ip 223.73.197.180, not in whitelist hint: [1BZxMa02801501]"}
2018-08-12 07:14:26.592 ERROR token: 给定关键字不在字典中。
2018-08-12 07:14:26.602 ERROR token: secret:6066de954f26a0cf26b29587bf7614f2
2018-08-12 07:14:26.602 ERROR token: appid:wxa5b70ffe8842f891
2018-08-12 07:14:26.707 ERROR token: {"errcode":40164,"errmsg":"invalid ip 223.73.197.180, not in whitelist hint: [RinP_a02813054]"}
2018-08-12 07:14:26.725 ERROR token: 给定关键字不在字典中。
2018-08-12 07:14:26.771 DEBUG hbcm: 
2018-08-12 07:14:26.772 DEBUG hbcm: 无ID
2018-08-12 07:18:18.194 DEBUG CM: 
2018-08-12 07:18:18.270 ERROR token: secret:6066de954f26a0cf26b29587bf7614f2
2018-08-12 07:18:18.271 ERROR token: appid:wxa5b70ffe8842f891
2018-08-12 07:18:18.490 ERROR token: {"errcode":40164,"errmsg":"invalid ip 223.73.197.180, not in whitelist hint: [ZYIp805121501]"}
2018-08-12 07:18:18.520 ERROR token: 给定关键字不在字典中。
2018-08-12 07:18:18.530 ERROR token: secret:6066de954f26a0cf26b29587bf7614f2
2018-08-12 07:18:18.531 ERROR token: appid:wxa5b70ffe8842f891
2018-08-12 07:18:18.632 ERROR token: {"errcode":40164,"errmsg":"invalid ip 223.73.197.180, not in whitelist hint: [05122790]"}
2018-08-12 07:18:18.649 ERROR token: 给定关键字不在字典中。
2018-08-12 07:18:18.687 DEBUG hbcm: 
2018-08-12 07:18:18.688 DEBUG hbcm: 无ID
2018-08-12 07:19:04.212 DEBUG CM: 
2018-08-12 07:19:04.220 ERROR token: secret:6066de954f26a0cf26b29587bf7614f2
2018-08-12 07:19:04.221 ERROR token: appid:wxa5b70ffe8842f891
2018-08-12 07:19:04.370 ERROR token: {"errcode":40164,"errmsg":"invalid ip 223.73.197.180, not in whitelist hint: [_hSUPa05581501]"}
2018-08-12 07:19:04.386 ERROR token: 给定关键字不在字典中。
2018-08-12 07:19:04.394 ERROR token: secret:6066de954f26a0cf26b29587bf7614f2
2018-08-12 07:19:04.395 ERROR token: appid:wxa5b70ffe8842f891
2018-08-12 07:19:04.493 ERROR token: {"errcode":40164,"errmsg":"invalid ip 223.73.197.180, not in whitelist hint: [VaVS_a05582790]"}
2018-08-12 07:19:04.510 ERROR token: 给定关键字不在字典中。
2018-08-12 07:19:04.562 DEBUG hbcm: 
2018-08-12 07:19:04.562 DEBUG hbcm: 无ID
2018-08-12 07:24:44.891 DEBUG CM: 
2018-08-12 07:24:44.922 ERROR token: secret:6066de954f26a0cf26b29587bf7614f2
2018-08-12 07:24:44.922 ERROR token: appid:wxa5b70ffe8842f891
2018-08-12 07:24:45.157 ERROR token: {"errcode":40164,"errmsg":"invalid ip 223.73.197.180, not in whitelist hint: [KMHXcA08992790]"}
2018-08-12 07:24:45.188 ERROR token: 给定关键字不在字典中。
2018-08-12 07:24:45.188 ERROR token: secret:6066de954f26a0cf26b29587bf7614f2
2018-08-12 07:24:45.188 ERROR token: appid:wxa5b70ffe8842f891
2018-08-12 07:24:45.313 ERROR token: {"errcode":40164,"errmsg":"invalid ip 223.73.197.180, not in whitelist hint: [P7zrga08993064]"}
2018-08-12 07:24:45.329 ERROR token: 给定关键字不在字典中。
2018-08-12 07:24:45.391 DEBUG hbcm: 
2018-08-12 07:24:45.391 DEBUG hbcm: 无ID
2018-08-12 07:39:09.862 DEBUG CM: 
2018-08-12 07:39:09.909 ERROR token: secret:6066de954f26a0cf26b29587bf7614f2
2018-08-12 07:39:09.909 ERROR token: appid:wxa5b70ffe8842f891
2018-08-12 07:39:10.159 ERROR token: {"errcode":40164,"errmsg":"invalid ip 223.73.197.180, not in whitelist hint: [Yy207641466]"}
2018-08-12 07:39:10.174 ERROR token: 给定关键字不在字典中。
2018-08-12 07:39:10.190 ERROR token: secret:6066de954f26a0cf26b29587bf7614f2
2018-08-12 07:39:10.190 ERROR token: appid:wxa5b70ffe8842f891
2018-08-12 07:39:10.471 ERROR token: {"errcode":40164,"errmsg":"invalid ip 223.73.197.180, not in whitelist hint: [2TN.PA07641533]"}
2018-08-12 07:39:10.487 ERROR token: 给定关键字不在字典中。
2018-08-12 07:39:10.534 DEBUG hbcm: 
2018-08-12 07:39:10.534 DEBUG hbcm: 无ID
2018-08-12 09:02:39.588 DEBUG CM: 
2018-08-12 09:02:39.634 ERROR token: secret:6066de954f26a0cf26b29587bf7614f2
2018-08-12 09:02:39.634 ERROR token: appid:wxa5b70ffe8842f891
2018-08-12 09:02:39.884 ERROR token: {"errcode":40164,"errmsg":"invalid ip 223.73.197.180, not in whitelist hint: [TBgDTa07741533]"}
2018-08-12 09:02:39.916 ERROR token: 给定关键字不在字典中。
2018-08-12 09:02:39.931 ERROR token: secret:6066de954f26a0cf26b29587bf7614f2
2018-08-12 09:02:39.931 ERROR token: appid:wxa5b70ffe8842f891
2018-08-12 09:02:40.041 ERROR token: {"errcode":40164,"errmsg":"invalid ip 223.73.197.180, not in whitelist hint: [07742974]"}
2018-08-12 09:02:40.056 ERROR token: 给定关键字不在字典中。
2018-08-12 09:02:40.103 DEBUG hbcm: 
2018-08-12 09:02:40.103 DEBUG hbcm: 无ID
2018-08-12 09:13:13.982 DEBUG CM: 
2018-08-12 09:13:14.034 ERROR token: secret:6066de954f26a0cf26b29587bf7614f2
2018-08-12 09:13:14.034 ERROR token: appid:wxa5b70ffe8842f891
2018-08-12 09:13:14.255 ERROR token: {"errcode":40164,"errmsg":"invalid ip 223.73.197.180, not in whitelist hint: [BQx16a04083054]"}
2018-08-12 09:13:14.296 ERROR token: 给定关键字不在字典中。
2018-08-12 09:13:14.308 ERROR token: secret:6066de954f26a0cf26b29587bf7614f2
2018-08-12 09:13:14.308 ERROR token: appid:wxa5b70ffe8842f891
2018-08-12 09:13:14.416 ERROR token: {"errcode":40164,"errmsg":"invalid ip 223.73.197.180, not in whitelist hint: [1QAk3a04083064]"}
2018-08-12 09:13:14.444 ERROR token: 给定关键字不在字典中。
2018-08-12 09:13:14.556 DEBUG hbcm: 
2018-08-12 09:13:14.556 DEBUG hbcm: 无ID
2018-08-12 09:55:09.787 DEBUG CM: 
2018-08-12 09:55:09.829 ERROR token: secret:6066de954f26a0cf26b29587bf7614f2
2018-08-12 09:55:09.829 ERROR token: appid:wxa5b70ffe8842f891
2018-08-12 09:55:10.059 ERROR token: {"errcode":40164,"errmsg":"invalid ip 223.73.197.180, not in whitelist hint: [FQaTda09243064]"}
2018-08-12 09:55:10.090 ERROR token: 给定关键字不在字典中。
2018-08-12 09:55:10.102 ERROR token: secret:6066de954f26a0cf26b29587bf7614f2
2018-08-12 09:55:10.103 ERROR token: appid:wxa5b70ffe8842f891
2018-08-12 09:55:10.205 ERROR token: {"errcode":40164,"errmsg":"invalid ip 223.73.197.180, not in whitelist hint: [uNArSa09242974]"}
2018-08-12 09:55:10.223 ERROR token: 给定关键字不在字典中。
2018-08-12 09:55:10.268 DEBUG hbcm: 
2018-08-12 09:55:10.269 DEBUG hbcm: 无ID
2018-08-12 09:56:11.245 DEBUG CM: 
2018-08-12 09:56:11.276 ERROR token: secret:6066de954f26a0cf26b29587bf7614f2
2018-08-12 09:56:11.276 ERROR token: appid:wxa5b70ffe8842f891
2018-08-12 09:56:11.479 ERROR token: {"errcode":40164,"errmsg":"invalid ip 223.73.197.180, not in whitelist hint: [QrGCva09851512]"}
2018-08-12 09:56:11.511 ERROR token: 给定关键字不在字典中。
2018-08-12 09:56:11.526 ERROR token: secret:6066de954f26a0cf26b29587bf7614f2
2018-08-12 09:56:11.526 ERROR token: appid:wxa5b70ffe8842f891
2018-08-12 09:56:11.651 ERROR token: {"errcode":40164,"errmsg":"invalid ip 223.73.197.180, not in whitelist hint: [OkZy3a09851501]"}
2018-08-12 09:56:11.667 ERROR token: 给定关键字不在字典中。
2018-08-12 09:56:11.714 DEBUG hbcm: 
2018-08-12 09:56:11.714 DEBUG hbcm: 无ID
2018-08-12 09:57:02.694 DEBUG CM: 
2018-08-12 09:57:02.809 ERROR token: secret:6066de954f26a0cf26b29587bf7614f2
2018-08-12 09:57:02.810 ERROR token: appid:wxa5b70ffe8842f891
2018-08-12 09:57:03.094 ERROR token: {"errcode":40164,"errmsg":"invalid ip 223.73.197.180, not in whitelist hint: [lQwkwA00372974]"}
2018-08-12 09:57:03.134 ERROR token: 给定关键字不在字典中。
2018-08-12 09:57:03.142 ERROR token: secret:6066de954f26a0cf26b29587bf7614f2
2018-08-12 09:57:03.143 ERROR token: appid:wxa5b70ffe8842f891
2018-08-12 09:57:03.241 ERROR token: {"errcode":40164,"errmsg":"invalid ip 223.73.197.180, not in whitelist hint: [UiF8aA00371512]"}
2018-08-12 09:57:03.257 ERROR token: 给定关键字不在字典中。
2018-08-12 09:57:03.310 DEBUG hbcm: 
2018-08-12 09:57:03.311 DEBUG hbcm: 无ID
2018-08-12 11:31:39.358 DEBUG CM: 
2018-08-12 11:31:39.399 ERROR token: secret:6066de954f26a0cf26b29587bf7614f2
2018-08-12 11:31:39.399 ERROR token: appid:wxa5b70ffe8842f891
2018-08-12 11:31:39.640 ERROR token: {"errcode":40164,"errmsg":"invalid ip 223.73.197.180, not in whitelist hint: [P0UnTa07133054]"}
2018-08-12 11:31:39.672 ERROR token: 给定关键字不在字典中。
2018-08-12 11:31:39.681 ERROR token: secret:6066de954f26a0cf26b29587bf7614f2
2018-08-12 11:31:39.681 ERROR token: appid:wxa5b70ffe8842f891
2018-08-12 11:31:39.794 ERROR token: {"errcode":40164,"errmsg":"invalid ip 223.73.197.180, not in whitelist hint: [XqGwJa07133055]"}
2018-08-12 11:31:39.811 ERROR token: 给定关键字不在字典中。
2018-08-12 11:31:39.864 DEBUG hbcm: 
2018-08-12 11:31:39.865 DEBUG hbcm: 无ID
2018-08-12 11:35:17.182 DEBUG CM: 
2018-08-12 11:35:17.223 ERROR token: secret:6066de954f26a0cf26b29587bf7614f2
2018-08-12 11:35:17.223 ERROR token: appid:wxa5b70ffe8842f891
2018-08-12 11:35:17.425 ERROR token: {"errcode":40164,"errmsg":"invalid ip 223.73.197.180, not in whitelist hint: [_zRVGa09312994]"}
2018-08-12 11:35:17.459 ERROR token: 给定关键字不在字典中。
2018-08-12 11:35:17.468 ERROR token: secret:6066de954f26a0cf26b29587bf7614f2
2018-08-12 11:35:17.469 ERROR token: appid:wxa5b70ffe8842f891
2018-08-12 11:35:17.557 ERROR token: {"errcode":40164,"errmsg":"invalid ip 223.73.197.180, not in whitelist hint: [_048UA09313612]"}
2018-08-12 11:35:17.574 ERROR token: 给定关键字不在字典中。
2018-08-12 11:35:17.607 DEBUG hbcm: 
2018-08-12 11:35:17.608 DEBUG hbcm: 无ID
2018-08-12 14:34:19.909 DEBUG CM: 
2018-08-12 14:34:19.954 ERROR token: secret:6066de954f26a0cf26b29587bf7614f2
2018-08-12 14:34:19.955 ERROR token: appid:wxa5b70ffe8842f891
2018-08-12 14:34:20.228 ERROR token: {"errcode":40164,"errmsg":"invalid ip 223.73.197.48, not in whitelist hint: [QTKc.A06741512]"}
2018-08-12 14:34:20.259 ERROR token: 给定关键字不在字典中。
2018-08-12 14:34:20.268 ERROR token: secret:6066de954f26a0cf26b29587bf7614f2
2018-08-12 14:34:20.269 ERROR token: appid:wxa5b70ffe8842f891
2018-08-12 14:34:20.374 ERROR token: {"errcode":40164,"errmsg":"invalid ip 223.73.197.48, not in whitelist hint: [w.LcvA06741501]"}
2018-08-12 14:34:20.390 ERROR token: 给定关键字不在字典中。
2018-08-12 14:34:20.439 DEBUG hbcm: 
2018-08-12 14:34:20.439 DEBUG hbcm: 无ID
2018-08-12 15:02:20.502 DEBUG CM: 
2018-08-12 15:02:20.543 ERROR token: secret:6066de954f26a0cf26b29587bf7614f2
2018-08-12 15:02:20.544 ERROR token: appid:wxa5b70ffe8842f891
2018-08-12 15:02:20.763 ERROR token: {"errcode":40164,"errmsg":"invalid ip 223.73.197.48, not in whitelist hint: [5UVyBa03541512]"}
2018-08-12 15:02:20.793 ERROR token: 给定关键字不在字典中。
2018-08-12 15:02:20.806 ERROR token: secret:6066de954f26a0cf26b29587bf7614f2
2018-08-12 15:02:20.807 ERROR token: appid:wxa5b70ffe8842f891
2018-08-12 15:02:20.912 ERROR token: {"errcode":40164,"errmsg":"invalid ip 223.73.197.48, not in whitelist hint: [cPO6.a03543612]"}
2018-08-12 15:02:20.928 ERROR token: 给定关键字不在字典中。
2018-08-12 15:02:20.972 DEBUG hbcm: 
2018-08-12 15:02:20.972 DEBUG hbcm: 无ID
2018-08-12 15:14:00.756 DEBUG CM: 
2018-08-12 15:14:00.803 ERROR token: secret:6066de954f26a0cf26b29587bf7614f2
2018-08-12 15:14:00.804 ERROR token: appid:wxa5b70ffe8842f891
2018-08-12 15:14:01.013 ERROR token: {"errcode":40164,"errmsg":"invalid ip 223.73.197.48, not in whitelist hint: [Wr2HdA00551512]"}
2018-08-12 15:14:01.044 ERROR token: 给定关键字不在字典中。
2018-08-12 15:14:01.053 ERROR token: secret:6066de954f26a0cf26b29587bf7614f2
2018-08-12 15:14:01.054 ERROR token: appid:wxa5b70ffe8842f891
2018-08-12 15:14:01.163 ERROR token: {"errcode":40164,"errmsg":"invalid ip 223.73.197.48, not in whitelist hint: [bI.KpA00552974]"}
2018-08-12 15:14:01.179 ERROR token: 给定关键字不在字典中。
2018-08-12 15:14:01.220 DEBUG hbcm: 
2018-08-12 15:14:01.221 DEBUG hbcm: 无ID
2018-08-12 15:32:03.953 DEBUG CM: 
2018-08-12 15:32:04.062 ERROR token: secret:6066de954f26a0cf26b29587bf7614f2
2018-08-12 15:32:04.062 ERROR token: appid:wxa5b70ffe8842f891
2018-08-12 15:32:04.328 ERROR token: {"errcode":40164,"errmsg":"invalid ip 223.73.197.48, not in whitelist hint: [uxhGUA01392790]"}
2018-08-12 15:32:04.359 ERROR token: 给定关键字不在字典中。
2018-08-12 15:32:04.359 ERROR token: secret:6066de954f26a0cf26b29587bf7614f2
2018-08-12 15:32:04.359 ERROR token: appid:wxa5b70ffe8842f891
2018-08-12 15:32:04.468 ERROR token: {"errcode":40164,"errmsg":"invalid ip 223.73.197.48, not in whitelist hint: [go8bgA01393054]"}
2018-08-12 15:32:04.484 ERROR token: 给定关键字不在字典中。
2018-08-12 15:32:04.546 DEBUG hbcm: 
2018-08-12 15:32:04.546 DEBUG hbcm: 无ID
2018-08-12 15:46:01.354 DEBUG CM: 
2018-08-12 15:46:01.406 ERROR token: secret:6066de954f26a0cf26b29587bf7614f2
2018-08-12 15:46:01.440 ERROR token: appid:wxa5b70ffe8842f891
2018-08-12 15:46:01.732 ERROR token: {"errcode":40164,"errmsg":"invalid ip 223.73.197.48, not in whitelist hint: [eLZ6sA09771501]"}
2018-08-12 15:46:01.767 ERROR token: 给定关键字不在字典中。
2018-08-12 15:46:01.778 ERROR token: secret:6066de954f26a0cf26b29587bf7614f2
2018-08-12 15:46:01.778 ERROR token: appid:wxa5b70ffe8842f891
2018-08-12 15:46:01.861 ERROR token: {"errcode":40164,"errmsg":"invalid ip 223.73.197.48, not in whitelist hint: [EnK09771501]"}
2018-08-12 15:46:01.877 ERROR token: 给定关键字不在字典中。
2018-08-12 15:46:01.919 DEBUG hbcm: 
2018-08-12 15:46:01.919 DEBUG hbcm: 无ID
2018-08-12 15:48:38.265 DEBUG CM: 
2018-08-12 15:48:38.312 ERROR token: secret:6066de954f26a0cf26b29587bf7614f2
2018-08-12 15:48:38.312 ERROR token: appid:wxa5b70ffe8842f891
2018-08-12 15:48:38.546 ERROR token: {"errcode":40164,"errmsg":"invalid ip 223.73.197.48, not in whitelist hint: [obtA9a01333064]"}
2018-08-12 15:48:38.577 ERROR token: 给定关键字不在字典中。
2018-08-12 15:48:38.577 ERROR token: secret:6066de954f26a0cf26b29587bf7614f2
2018-08-12 15:48:38.577 ERROR token: appid:wxa5b70ffe8842f891
2018-08-12 15:48:38.687 ERROR token: {"errcode":40164,"errmsg":"invalid ip 223.73.197.48, not in whitelist hint: [MmVBEA01333054]"}
2018-08-12 15:48:38.702 ERROR token: 给定关键字不在字典中。
2018-08-12 15:48:38.734 DEBUG hbcm: 
2018-08-12 15:48:38.734 DEBUG hbcm: 无ID
2018-08-12 16:10:44.327 DEBUG CM: 
2018-08-12 16:10:44.374 ERROR token: secret:6066de954f26a0cf26b29587bf7614f2
2018-08-12 16:10:44.374 ERROR token: appid:wxa5b70ffe8842f891
2018-08-12 16:10:44.561 ERROR token: {"errcode":40164,"errmsg":"invalid ip 223.73.197.48, not in whitelist hint: [W4dVNa04591512]"}
2018-08-12 16:10:44.592 ERROR token: 给定关键字不在字典中。
2018-08-12 16:10:44.608 ERROR token: secret:6066de954f26a0cf26b29587bf7614f2
2018-08-12 16:10:44.608 ERROR token: appid:wxa5b70ffe8842f891
2018-08-12 16:10:44.717 ERROR token: {"errcode":40164,"errmsg":"invalid ip 223.73.197.48, not in whitelist hint: [myk04603054]"}
2018-08-12 16:10:44.733 ERROR token: 给定关键字不在字典中。
2018-08-12 16:10:44.764 DEBUG hbcm: 
2018-08-12 16:10:44.764 DEBUG hbcm: 无ID
2018-08-12 16:14:15.917 DEBUG CM: 
2018-08-12 16:14:15.960 ERROR token: secret:6066de954f26a0cf26b29587bf7614f2
2018-08-12 16:14:15.961 ERROR token: appid:wxa5b70ffe8842f891
2018-08-12 16:14:16.202 ERROR token: {"errcode":40164,"errmsg":"invalid ip 223.73.197.48, not in whitelist hint: [Py0pkA06712974]"}
2018-08-12 16:14:16.234 ERROR token: 给定关键字不在字典中。
2018-08-12 16:14:16.245 ERROR token: secret:6066de954f26a0cf26b29587bf7614f2
2018-08-12 16:14:16.245 ERROR token: appid:wxa5b70ffe8842f891
2018-08-12 16:14:16.356 ERROR token: {"errcode":40164,"errmsg":"invalid ip 223.73.197.48, not in whitelist hint: [IbXBia06713055]"}
2018-08-12 16:14:16.372 ERROR token: 给定关键字不在字典中。
2018-08-12 16:14:16.422 DEBUG hbcm: 
2018-08-12 16:14:16.422 DEBUG hbcm: 无ID
